<?xml version="1.0" encoding="UTF-8"?>
<testsuite xmlns:xsi="http://www.w3.org/2001/XMLSchema-instance" xsi:noNamespaceSchemaLocation="https://maven.apache.org/surefire/maven-surefire-plugin/xsd/surefire-test-report.xsd" name="org.example.PrincipalTest" time="1.088" tests="13" errors="0" skipped="0" failures="0">
  <properties>
    <property name="java.specification.version" value="14"/>
    <property name="sun.cpu.isalist" value="amd64"/>
    <property name="sun.jnu.encoding" value="Cp1252"/>
    <property name="java.class.path" value="D:\IngSoft\PC2\practica-calificada-2-Edgar1548\target\test-classes;D:\IngSoft\PC2\practica-calificada-2-Edgar1548\target\classes;C:\Users\EDGAR\.m2\repository\org\apache\logging\log4j\log4j-api\2.13.3\log4j-api-2.13.3.jar;C:\Users\EDGAR\.m2\repository\org\testng\testng\7.3.0\testng-7.3.0.jar;C:\Users\EDGAR\.m2\repository\com\beust\jcommander\1.78\jcommander-1.78.jar;C:\Users\EDGAR\.m2\repository\org\apache\ant\ant\1.10.3\ant-1.10.3.jar;C:\Users\EDGAR\.m2\repository\org\apache\ant\ant-launcher\1.10.3\ant-launcher-1.10.3.jar;C:\Users\EDGAR\.m2\repository\junit\junit\4.12\junit-4.12.jar;C:\Users\EDGAR\.m2\repository\org\hamcrest\hamcrest-core\1.3\hamcrest-core-1.3.jar;C:\Users\EDGAR\.m2\repository\com\google\inject\guice\4.2.2\guice-4.2.2-no_aop.jar;C:\Users\EDGAR\.m2\repository\javax\inject\javax.inject\1\javax.inject-1.jar;C:\Users\EDGAR\.m2\repository\aopalliance\aopalliance\1.0\aopalliance-1.0.jar;C:\Users\EDGAR\.m2\repository\com\google\guava\guava\25.1-android\guava-25.1-android.jar;C:\Users\EDGAR\.m2\repository\com\google\code\findbugs\jsr305\3.0.2\jsr305-3.0.2.jar;C:\Users\EDGAR\.m2\repository\org\checkerframework\checker-compat-qual\2.0.0\checker-compat-qual-2.0.0.jar;C:\Users\EDGAR\.m2\repository\com\google\errorprone\error_prone_annotations\2.1.3\error_prone_annotations-2.1.3.jar;C:\Users\EDGAR\.m2\repository\com\google\j2objc\j2objc-annotations\1.1\j2objc-annotations-1.1.jar;C:\Users\EDGAR\.m2\repository\org\codehaus\mojo\animal-sniffer-annotations\1.14\animal-sniffer-annotations-1.14.jar;C:\Users\EDGAR\.m2\repository\org\yaml\snakeyaml\1.21\snakeyaml-1.21.jar;"/>
    <property name="java.vm.vendor" value="Oracle Corporation"/>
    <property name="sun.arch.data.model" value="64"/>
    <property name="user.variant" value=""/>
    <property name="java.vendor.url" value="https://java.oracle.com/"/>
    <property name="user.timezone" value="America/Lima"/>
    <property name="os.name" value="Windows 10"/>
    <property name="java.vm.specification.version" value="14"/>
    <property name="sun.java.launcher" value="SUN_STANDARD"/>
    <property name="user.country" value="PE"/>
    <property name="sun.boot.library.path" value="D:\Java\bin"/>
    <property name="sun.java.command" value="C:\Users\EDGAR\AppData\Local\Temp\surefire1823352536519727559\surefirebooter12959852942979524417.jar C:\Users\EDGAR\AppData\Local\Temp\surefire1823352536519727559 2021-12-09T22-45-14_724-jvmRun1 surefire15538495219328255727tmp surefire_012273796115061540271tmp"/>
    <property name="jdk.debug" value="release"/>
    <property name="surefire.test.class.path" value="D:\IngSoft\PC2\practica-calificada-2-Edgar1548\target\test-classes;D:\IngSoft\PC2\practica-calificada-2-Edgar1548\target\classes;C:\Users\EDGAR\.m2\repository\org\apache\logging\log4j\log4j-api\2.13.3\log4j-api-2.13.3.jar;C:\Users\EDGAR\.m2\repository\org\testng\testng\7.3.0\testng-7.3.0.jar;C:\Users\EDGAR\.m2\repository\com\beust\jcommander\1.78\jcommander-1.78.jar;C:\Users\EDGAR\.m2\repository\org\apache\ant\ant\1.10.3\ant-1.10.3.jar;C:\Users\EDGAR\.m2\repository\org\apache\ant\ant-launcher\1.10.3\ant-launcher-1.10.3.jar;C:\Users\EDGAR\.m2\repository\junit\junit\4.12\junit-4.12.jar;C:\Users\EDGAR\.m2\repository\org\hamcrest\hamcrest-core\1.3\hamcrest-core-1.3.jar;C:\Users\EDGAR\.m2\repository\com\google\inject\guice\4.2.2\guice-4.2.2-no_aop.jar;C:\Users\EDGAR\.m2\repository\javax\inject\javax.inject\1\javax.inject-1.jar;C:\Users\EDGAR\.m2\repository\aopalliance\aopalliance\1.0\aopalliance-1.0.jar;C:\Users\EDGAR\.m2\repository\com\google\guava\guava\25.1-android\guava-25.1-android.jar;C:\Users\EDGAR\.m2\repository\com\google\code\findbugs\jsr305\3.0.2\jsr305-3.0.2.jar;C:\Users\EDGAR\.m2\repository\org\checkerframework\checker-compat-qual\2.0.0\checker-compat-qual-2.0.0.jar;C:\Users\EDGAR\.m2\repository\com\google\errorprone\error_prone_annotations\2.1.3\error_prone_annotations-2.1.3.jar;C:\Users\EDGAR\.m2\repository\com\google\j2objc\j2objc-annotations\1.1\j2objc-annotations-1.1.jar;C:\Users\EDGAR\.m2\repository\org\codehaus\mojo\animal-sniffer-annotations\1.14\animal-sniffer-annotations-1.14.jar;C:\Users\EDGAR\.m2\repository\org\yaml\snakeyaml\1.21\snakeyaml-1.21.jar;"/>
    <property name="sun.cpu.endian" value="little"/>
    <property name="user.home" value="C:\Users\EDGAR"/>
    <property name="user.language" value="es"/>
    <property name="java.specification.vendor" value="Oracle Corporation"/>
    <property name="java.version.date" value="2020-07-14"/>
    <property name="java.home" value="D:\Java"/>
    <property name="file.separator" value="\"/>
    <property name="basedir" value="D:\IngSoft\PC2\practica-calificada-2-Edgar1548"/>
    <property name="java.vm.compressedOopsMode" value="Zero based"/>
    <property name="line.separator" value="&#10;"/>
    <property name="java.vm.specification.vendor" value="Oracle Corporation"/>
    <property name="java.specification.name" value="Java Platform API Specification"/>
    <property name="surefire.real.class.path" value="C:\Users\EDGAR\AppData\Local\Temp\surefire1823352536519727559\surefirebooter12959852942979524417.jar"/>
    <property name="user.script" value=""/>
    <property name="sun.management.compiler" value="HotSpot 64-Bit Tiered Compilers"/>
    <property name="java.runtime.version" value="14.0.2+12-46"/>
    <property name="user.name" value="EDGAR"/>
    <property name="path.separator" value=";"/>
    <property name="os.version" value="10.0"/>
    <property name="java.runtime.name" value="Java(TM) SE Runtime Environment"/>
    <property name="file.encoding" value="Cp1252"/>
    <property name="java.vm.name" value="Java HotSpot(TM) 64-Bit Server VM"/>
    <property name="localRepository" value="C:\Users\EDGAR\.m2\repository"/>
    <property name="java.vendor.url.bug" value="https://bugreport.java.com/bugreport/"/>
    <property name="java.io.tmpdir" value="C:\Users\EDGAR\AppData\Local\Temp\"/>
    <property name="java.version" value="14.0.2"/>
    <property name="user.dir" value="D:\IngSoft\PC2\practica-calificada-2-Edgar1548"/>
    <property name="os.arch" value="amd64"/>
    <property name="java.vm.specification.name" value="Java Virtual Machine Specification"/>
    <property name="sun.os.patch.level" value=""/>
    <property name="sonar.projectKey" value="UG-Software-Engineering-I-2021-2_practica-calificada-2-Edgar1548"/>
    <property name="java.library.path" value="D:\Java\bin;C:\Windows\Sun\Java\bin;C:\Windows\system32;C:\Windows;C:\Python310\Scripts\;C:\Python310\;C:\Program Files (x86)\VMware\VMware Workstation\bin\;C:\Windows\system32;C:\Windows;C:\Windows\System32\Wbem;C:\Windows\System32\WindowsPowerShell\v1.0\;C:\Windows\System32\OpenSSH\;D:\Git\cmd;D:\Documentos\apache-maven-3.8.2\bin;D:\Java\bin;aef88c23ece94de897022a4e4710da295fd564f1;C:\ProgramData\chocolatey\bin;D:\Node_Folder\;C:\Gradle\gradle-7.3\bin;;C:\Program Files\Docker\Docker\resources\bin;C:\ProgramData\DockerDesktop\version-bin;C:\Users\EDGAR\miniconda3;C:\Users\EDGAR\miniconda3\Library\mingw-w64\bin;C:\Users\EDGAR\miniconda3\Library\usr\bin;C:\Users\EDGAR\miniconda3\Library\bin;C:\Users\EDGAR\miniconda3\Scripts;D:\Documentos\Conda;D:\Documentos\Conda\Library\mingw-w64\bin;D:\Documentos\Conda\Library\usr\bin;D:\Documentos\Conda\Library\bin;D:\Documentos\Conda\Scripts;C:\Users\EDGAR\.jbang\bin;C:\Users\EDGAR\scoop\shims;C:\Users\EDGAR\AppData\Local\Microsoft\WindowsApps;C:\Users\EDGAR\AppData\Local\Programs\Microsoft VS Code\bin;D:\iverilog\iverilog\bin;D:\iverilog\iverilog\gtkwave\bin;C:\Users\EDGAR\AppData\Local\GitHubDesktop\bin;C:\Program Files\JetBrains\DataGrip 2021.2.4\bin;C:\Users\EDGAR\AppData\Roaming\npm;C:\Gradle\gradle-7.3\bin;."/>
    <property name="java.vm.info" value="mixed mode, sharing"/>
    <property name="java.vendor" value="Oracle Corporation"/>
    <property name="java.vm.version" value="14.0.2+12-46"/>
    <property name="sun.io.unicode.encoding" value="UnicodeLittle"/>
    <property name="java.class.version" value="58.0"/>
  </properties>
  <testcase name="calculate_average_grade_given_different_exam_grades_and_attending_the_minimum_classes" classname="org.example.PrincipalTest" time="0.037"/>
  <testcase name="calculate_same_grade_given_one_single_exam_and_attending_the_minimum_classes" classname="org.example.PrincipalTest" time="0"/>
  <testcase name="fail_given_different_exam_grades_but_not_attending_the_minimum_classes" classname="org.example.PrincipalTest" time="0.001"/>
  <testcase name="fail_given_odd_exam_grades_but_attending_the_minimum_classes" classname="org.example.PrincipalTest" time="0.001"/>
  <testcase name="fail_given_one_single_exam_but_not_attending_the_minimum_classes" classname="org.example.PrincipalTest" time="0"/>
  <testcase name="fail_given_there_are_no_exams" classname="org.example.PrincipalTest" time="0"/>
  <testcase name="fail_when_there_are_no_exams_and_has_not_attended_the_minimum_classes" classname="org.example.PrincipalTest" time="0"/>
  <testcase name="increase_one_extra_point_if_there_is_any_benevolent_teacher_in_the_year_to_calculate_grades" classname="org.example.PrincipalTest" time="0.048"/>
  <testcase name="maintain_10_as_the_maximum_grade_even_if_increasing_one_extra_point" classname="org.example.PrincipalTest" time="0.006"/>
  <testcase name="not_increase_one_extra_point_if_there_is_not_any_benevolent_teacher_in_the_year_to_calculate_grades" classname="org.example.PrincipalTest" time="0.001"/>
  <testcase name="round_up_to_2_decimals_given_odd_exam_grades_and_attending_the_minimum_classes" classname="org.example.PrincipalTest" time="0.001"/>
  <testcase name="validate_all_exam_grades_weight_below_100" classname="org.example.PrincipalTest" time="0.001"/>
  <testcase name="validate_all_exam_grades_weight_over_100" classname="org.example.PrincipalTest" time="0.001"/>
</testsuite>