<?xml version="1.0" encoding="UTF-8"?>
<!-- Generated by org.testng.reporters.JUnitReportReporter -->
<testsuite hostname="DESKTOP-RU3B837" failures="0" tests="1" name="org.example.Testers" time="0.020" errors="0" timestamp="2021-12-09T18:29:37 PET" skipped="0">
  <testcase classname="org.example.Testers" name="test01" time="0.020"/>
  <system-out/>
</testsuite> <!-- org.example.Testers -->
